<?xml version="1.0" encoding="UTF-8"?>
<!-- Generated by org.testng.reporters.JUnitReportReporter -->
<testsuite hostname="DESKTOP-5GJ46NE" failures="0" tests="3" name="testscripts.SubmitOrderTest" time="40.231" errors="0" timestamp="2025-03-21T23:04:18 IST" skipped="0">
  <testcase classname="testscripts.SubmitOrderTest" name="OrderHistoryTest" time="6.236"/>
  <testcase classname="testscripts.SubmitOrderTest" name="submitOrder" time="25.239"/>
  <testcase classname="testscripts.SubmitOrderTest" name="submitOrder" time="8.756"/>
</testsuite> <!-- testscripts.SubmitOrderTest -->
