<?xml version="1.0" encoding="UTF-8"?>
<!-- Generated by org.testng.reporters.JUnitReportReporter -->
<testsuite hostname="DESKTOP-5GJ46NE" failures="0" tests="2" name="testscripts.ErrorsValidationTest" time="32.930" errors="0" timestamp="2025-03-21T23:04:18 IST" skipped="0">
  <testcase classname="testscripts.ErrorsValidationTest" name="LoginErrorValidation" time="7.817"/>
  <testcase classname="testscripts.ErrorsValidationTest" name="ProductErrorValidation" time="25.113"/>
</testsuite> <!-- testscripts.ErrorsValidationTest -->
