<?xml version="1.0" encoding="UTF-8"?>
<!-- Generated by org.testng.reporters.JUnitReportReporter -->
<testsuite hostname="DESKTOP-5GJ46NE" failures="0" tests="3" name="testscripts.SubmitOrderTest" time="44.973" errors="0" timestamp="2025-03-22T14:41:47 IST" skipped="0">
  <testcase classname="testscripts.SubmitOrderTest" name="submitOrder" time="9.649"/>
  <testcase classname="testscripts.SubmitOrderTest" name="OrderHistoryTest" time="5.919"/>
  <testcase classname="testscripts.SubmitOrderTest" name="submitOrder" time="29.405"/>
</testsuite> <!-- testscripts.SubmitOrderTest -->
