<?xml version="1.0" encoding="UTF-8"?>
<!-- Generated by org.testng.reporters.JUnitReportReporter -->
<testsuite hostname="DESKTOP-5GJ46NE" failures="0" tests="2" name="testscripts.ErrorsValidationTest" time="26.773" errors="0" timestamp="2025-03-22T14:41:47 IST" skipped="0">
  <testcase classname="testscripts.ErrorsValidationTest" name="ProductErrorValidation" time="16.264"/>
  <testcase classname="testscripts.ErrorsValidationTest" name="LoginErrorValidation" time="10.509"/>
</testsuite> <!-- testscripts.ErrorsValidationTest -->
